2025-06-20 13:55:06,661 INFO: Namespace(epochs=120, bs=8, lr=5e-05, num_classes=6, grad_accum=2, seed=42, cuda=True, amp=True, medical_loss=False, test=False)
2025-06-20 13:55:06,662 INFO: Images  Train/Val  = 2520/500   batch_size=8
2025-06-20 13:55:06,666 INFO: Train/Val = 315/63  bs=8
2025-06-20 13:57:56,517 INFO: Ep1 TrainLoss 1.8435 steps=158
2025-06-20 13:58:24,579 INFO: Ep1 ValLoss 1.7484 Acc 15.600%
2025-06-20 13:58:30,731 INFO:   ↳ new best
2025-06-20 13:59:32,682 INFO: Ep2 TrainLoss 1.8473 steps=158
2025-06-20 13:59:40,013 INFO: Ep2 ValLoss 1.7484 Acc 15.600%
2025-06-20 14:00:41,554 INFO: Ep3 TrainLoss 1.8405 steps=158
2025-06-20 14:00:48,717 INFO: Ep3 ValLoss 1.7484 Acc 15.600%
2025-06-20 14:01:49,785 INFO: Ep4 TrainLoss 1.8547 steps=158
2025-06-20 14:01:56,895 INFO: Ep4 ValLoss 1.7484 Acc 15.600%
2025-06-20 14:09:40,087 INFO: Ep5 TrainLoss 1.7093 steps=158
2025-06-20 14:12:55,074 INFO: Ep5 ValLoss 1.4592 Acc 56.200% (TTA)
2025-06-20 14:13:00,293 INFO:   ↳ new best
2025-06-20 14:14:07,042 INFO: Ep6 TrainLoss 1.6501 steps=158
2025-06-20 14:14:27,728 INFO: Ep6 ValLoss 1.3722 Acc 57.400%
2025-06-20 14:14:32,033 INFO:   ↳ new best
2025-06-20 14:15:38,897 INFO: Ep7 TrainLoss 1.6327 steps=158
2025-06-20 14:15:46,136 INFO: Ep7 ValLoss 1.3267 Acc 79.200%
2025-06-20 14:15:50,319 INFO:   ↳ new best
2025-06-20 14:16:57,360 INFO: Ep8 TrainLoss 1.6204 steps=158
2025-06-20 14:17:04,593 INFO: Ep8 ValLoss 1.2693 Acc 78.600%
2025-06-20 14:18:11,415 INFO: Ep9 TrainLoss 1.5962 steps=158
2025-06-20 14:18:18,684 INFO: Ep9 ValLoss 1.2268 Acc 81.400%
2025-06-20 14:18:23,777 INFO:   ↳ new best
2025-06-20 14:19:30,415 INFO: Ep10 TrainLoss 1.6103 steps=158
2025-06-20 14:20:45,598 INFO: Ep10 ValLoss 1.2229 Acc 84.000% (TTA)
2025-06-20 14:20:49,962 INFO:   ↳ new best
2025-06-20 14:21:57,596 INFO: Ep11 TrainLoss 1.6126 steps=158
2025-06-20 14:22:04,832 INFO: Ep11 ValLoss 1.2231 Acc 83.600%
2025-06-20 14:23:11,810 INFO: Ep12 TrainLoss 1.5993 steps=158
2025-06-20 14:23:19,024 INFO: Ep12 ValLoss 1.1727 Acc 81.800%
2025-06-20 14:24:25,777 INFO: Ep13 TrainLoss 1.5868 steps=158
2025-06-20 14:24:33,060 INFO: Ep13 ValLoss 1.1637 Acc 85.600%
2025-06-20 14:24:38,293 INFO:   ↳ new best
2025-06-20 14:25:45,214 INFO: Ep14 TrainLoss 1.5798 steps=158
2025-06-20 14:25:52,449 INFO: Ep14 ValLoss 1.1301 Acc 85.000%
2025-06-20 14:29:42,150 INFO: Ep15 TrainLoss 1.6150 steps=158
2025-06-20 14:31:08,006 INFO: Ep15 ValLoss 1.0756 Acc 85.400% (TTA)
2025-06-20 14:32:34,995 INFO: Ep16 TrainLoss 1.5571 steps=158
2025-06-20 14:32:42,192 INFO: Ep16 ValLoss 1.0744 Acc 86.800%
2025-06-20 14:32:47,617 INFO:   ↳ new best
2025-06-20 14:34:15,487 INFO: Ep17 TrainLoss 1.5438 steps=158
2025-06-20 14:34:22,689 INFO: Ep17 ValLoss 1.0630 Acc 90.200%
2025-06-20 14:34:26,862 INFO:   ↳ new best
2025-06-20 14:35:53,645 INFO: Ep18 TrainLoss 1.5438 steps=158
2025-06-20 14:36:00,869 INFO: Ep18 ValLoss 1.0492 Acc 91.800%
2025-06-20 14:36:05,119 INFO:   ↳ new best
2025-06-20 14:37:31,163 INFO: Ep19 TrainLoss 1.5335 steps=158
2025-06-20 14:37:38,316 INFO: Ep19 ValLoss 1.0411 Acc 92.000%
2025-06-20 14:37:42,592 INFO:   ↳ new best
2025-06-20 14:39:08,593 INFO: Ep20 TrainLoss 1.5305 steps=158
2025-06-20 14:40:21,927 INFO: Ep20 ValLoss 1.0709 Acc 92.000% (TTA)
2025-06-20 14:41:49,288 INFO: Ep21 TrainLoss 1.5265 steps=158
2025-06-20 14:41:56,462 INFO: Ep21 ValLoss 1.0460 Acc 91.600%
2025-06-20 14:43:22,111 INFO: Ep22 TrainLoss 1.5233 steps=158
2025-06-20 14:43:29,204 INFO: Ep22 ValLoss 1.0147 Acc 92.600%
2025-06-20 14:43:34,216 INFO:   ↳ new best
2025-06-20 14:45:00,394 INFO: Ep23 TrainLoss 1.5348 steps=158
2025-06-20 14:45:07,499 INFO: Ep23 ValLoss 1.0324 Acc 93.000%
2025-06-20 14:45:11,662 INFO:   ↳ new best
2025-06-20 14:46:37,351 INFO: Ep24 TrainLoss 1.5396 steps=158
2025-06-20 14:46:44,465 INFO: Ep24 ValLoss 1.0292 Acc 92.800%
2025-06-20 14:48:55,731 INFO: Ep25 TrainLoss 1.5367 steps=158
2025-06-20 14:50:48,544 INFO: Ep25 ValLoss 1.0581 Acc 93.200% (TTA)
2025-06-20 14:50:53,651 INFO:   ↳ new best
2025-06-20 14:52:40,362 INFO: Ep26 TrainLoss 1.6078 steps=158
2025-06-20 14:52:47,695 INFO: Ep26 ValLoss 1.1272 Acc 90.600%
2025-06-20 14:54:34,263 INFO: Ep27 TrainLoss 1.5776 steps=158
2025-06-20 14:54:41,507 INFO: Ep27 ValLoss 1.1200 Acc 84.400%
2025-06-20 14:56:27,083 INFO: Ep28 TrainLoss 1.5628 steps=158
2025-06-20 14:56:34,673 INFO: Ep28 ValLoss 1.0592 Acc 90.200%
2025-06-20 14:58:20,866 INFO: Ep29 TrainLoss 1.5601 steps=158
2025-06-20 14:58:28,287 INFO: Ep29 ValLoss 0.9152 Acc 94.400%
2025-06-20 14:58:33,730 INFO:   ↳ new best
2025-06-20 15:00:20,142 INFO: Ep30 TrainLoss 1.5341 steps=158
2025-06-20 15:01:31,779 INFO: Ep30 ValLoss 1.0869 Acc 92.800% (TTA)
2025-06-20 15:03:18,439 INFO: Ep31 TrainLoss 1.5173 steps=158
2025-06-20 15:03:25,705 INFO: Ep31 ValLoss 0.9587 Acc 93.400%
2025-06-20 15:05:16,063 INFO: Ep32 TrainLoss 1.5222 steps=158
2025-06-20 15:05:23,444 INFO: Ep32 ValLoss 0.9083 Acc 96.400%
2025-06-20 15:05:28,605 INFO:   ↳ new best
2025-06-20 15:07:14,564 INFO: Ep33 TrainLoss 1.5238 steps=158
2025-06-20 15:07:21,768 INFO: Ep33 ValLoss 0.9048 Acc 95.000%
2025-06-20 15:09:07,357 INFO: Ep34 TrainLoss 1.5102 steps=158
2025-06-20 15:09:14,606 INFO: Ep34 ValLoss 0.9348 Acc 96.400%
2025-06-20 15:11:01,079 INFO: Ep35 TrainLoss 1.5112 steps=158
2025-06-20 15:12:15,079 INFO: Ep35 ValLoss 1.0127 Acc 94.400% (TTA)
2025-06-20 15:14:01,148 INFO: Ep36 TrainLoss 1.4976 steps=158
2025-06-20 15:14:08,517 INFO: Ep36 ValLoss 0.8491 Acc 95.400%
2025-06-20 15:15:56,814 INFO: Ep37 TrainLoss 1.5003 steps=158
2025-06-20 15:16:11,710 INFO: Ep37 ValLoss 0.9302 Acc 96.600%
2025-06-20 15:16:17,189 INFO:   ↳ new best
2025-06-20 15:18:08,608 INFO: Ep38 TrainLoss 1.4936 steps=158
2025-06-20 15:18:16,259 INFO: Ep38 ValLoss 0.9089 Acc 96.000%
2025-06-20 15:20:07,455 INFO: Ep39 TrainLoss 1.4797 steps=158
2025-06-20 15:20:15,130 INFO: Ep39 ValLoss 0.8804 Acc 96.800%
2025-06-20 15:20:20,338 INFO:   ↳ new best
2025-06-20 15:22:13,383 INFO: Ep40 TrainLoss 1.4791 steps=158
2025-06-20 15:23:27,196 INFO: Ep40 ValLoss 0.8723 Acc 95.800% (TTA)
2025-06-20 15:25:20,992 INFO: Ep41 TrainLoss 1.5047 steps=158
2025-06-20 15:25:28,839 INFO: Ep41 ValLoss 0.9555 Acc 96.600%
2025-06-20 15:27:17,770 INFO: Ep42 TrainLoss 1.4896 steps=158
2025-06-20 15:27:25,171 INFO: Ep42 ValLoss 0.8598 Acc 97.600%
2025-06-20 15:27:30,902 INFO:   ↳ new best
2025-06-20 15:29:22,282 INFO: Ep43 TrainLoss 1.4969 steps=158
2025-06-20 15:29:29,811 INFO: Ep43 ValLoss 0.8817 Acc 97.400%
2025-06-20 15:31:20,994 INFO: Ep44 TrainLoss 1.4759 steps=158
2025-06-20 15:31:28,837 INFO: Ep44 ValLoss 0.8454 Acc 97.200%
2025-06-20 15:33:18,196 INFO: Ep45 TrainLoss 1.4761 steps=158
2025-06-20 15:34:31,922 INFO: Ep45 ValLoss 0.8924 Acc 96.600% (TTA)
2025-06-20 15:36:20,168 INFO: Ep46 TrainLoss 1.4635 steps=158
2025-06-20 15:36:28,075 INFO: Ep46 ValLoss 0.8176 Acc 97.000%
2025-06-20 15:38:18,961 INFO: Ep47 TrainLoss 1.4729 steps=158
2025-06-20 15:38:26,359 INFO: Ep47 ValLoss 0.9014 Acc 96.200%
2025-06-20 15:40:16,485 INFO: Ep48 TrainLoss 1.4708 steps=158
2025-06-20 15:40:24,276 INFO: Ep48 ValLoss 0.8259 Acc 98.200%
2025-06-20 15:40:29,595 INFO:   ↳ new best
2025-06-20 15:42:20,177 INFO: Ep49 TrainLoss 1.4570 steps=158
2025-06-20 15:42:27,551 INFO: Ep49 ValLoss 0.8294 Acc 96.800%
2025-06-20 15:44:15,033 INFO: Ep50 TrainLoss 1.4619 steps=158
2025-06-20 15:45:29,463 INFO: Ep50 ValLoss 0.8860 Acc 97.200% (TTA)
2025-06-20 15:47:18,167 INFO: Ep51 TrainLoss 1.4626 steps=158
2025-06-20 15:47:25,878 INFO: Ep51 ValLoss 0.9046 Acc 96.800%
2025-06-20 15:49:17,154 INFO: Ep52 TrainLoss 1.4595 steps=158
2025-06-20 15:49:24,878 INFO: Ep52 ValLoss 0.8359 Acc 98.600%
2025-06-20 15:49:30,267 INFO:   ↳ new best
2025-06-20 15:51:22,445 INFO: Ep53 TrainLoss 1.4521 steps=158
2025-06-20 15:51:30,259 INFO: Ep53 ValLoss 0.8573 Acc 96.400%
2025-06-20 15:53:21,382 INFO: Ep54 TrainLoss 1.4672 steps=158
2025-06-20 15:53:28,595 INFO: Ep54 ValLoss 0.8215 Acc 98.200%
2025-06-20 15:55:13,885 INFO: Ep55 TrainLoss 1.4658 steps=158
2025-06-20 15:56:26,646 INFO: Ep55 ValLoss 0.9271 Acc 97.400% (TTA)
2025-06-20 15:58:11,197 INFO: Ep56 TrainLoss 1.4613 steps=158
2025-06-20 15:58:18,483 INFO: Ep56 ValLoss 0.8449 Acc 98.000%
2025-06-20 16:00:03,725 INFO: Ep57 TrainLoss 1.4494 steps=158
2025-06-20 16:00:10,928 INFO: Ep57 ValLoss 0.8209 Acc 98.800%
2025-06-20 16:00:16,146 INFO:   ↳ new best
2025-06-20 16:02:02,495 INFO: Ep58 TrainLoss 1.4513 steps=158
2025-06-20 16:02:09,841 INFO: Ep58 ValLoss 0.7806 Acc 98.600%
2025-06-20 16:03:56,473 INFO: Ep59 TrainLoss 1.4468 steps=158
2025-06-20 16:04:03,907 INFO: Ep59 ValLoss 0.8227 Acc 98.000%
2025-06-20 16:05:50,046 INFO: Ep60 TrainLoss 1.4569 steps=158
2025-06-20 16:07:02,667 INFO: Ep60 ValLoss 0.9264 Acc 98.400% (TTA)
2025-06-20 16:08:48,610 INFO: Ep61 TrainLoss 1.4632 steps=158
2025-06-20 16:08:55,988 INFO: Ep61 ValLoss 0.8474 Acc 98.600%
2025-06-20 16:10:43,686 INFO: Ep62 TrainLoss 1.4468 steps=158
2025-06-20 16:10:50,962 INFO: Ep62 ValLoss 0.8438 Acc 97.000%
